
11.2.23 22.31 Hello vica
11.2.23 22.31 pavel: sdf 
11.2.23 22.31 pavel: df 
11.2.23 22.31 pavel: gdf 
11.2.23 22.31 pavel: gd 
11.2.23 22.31 pavel: fg 
11.2.23 22.31 vica: dgf 
11.2.23 22.31 vica: dfg 
11.2.23 22.31 vica: dsfg 
11.2.23 22.31 vica: dsg 
11.2.23 22.31 exit
11.2.23 22.42 Hello vir
11.2.23 22.42 vir: sdf 
11.2.23 22.42 vir: sf 
11.2.23 22.42 vir: dsf 
11.2.23 22.42 vir: fds 
11.2.23 23.31 pavel: exit 
11.2.23 23.32 exit
11.2.23 23.38 server error
11.2.23 23.47 Hello rico
11.2.23 23.47 rico: sdf 
11.2.23 23.47 gins: sdf 
11.2.23 23.47 gins: dfg 
11.2.23 23.47 gins: 56 
11.2.23 23.47 rico: 56 
11.2.23 23.48 gins: dgf 
11.2.23 23.48 gins: df 
11.2.23 23.48 gins: dfg 
11.2.23 23.48 gins: dfdg 
11.2.23 23.48 gins: d 
11.2.23 23.48 gins: fg 
11.2.23 23.48 gins: df 
11.2.23 23.48 gins: g 
11.2.23 23.48 gins: fdg 
11.2.23 23.48 gins: dfg 
11.2.23 23.48 gins: d 
11.2.23 23.48 gins: fg 
11.2.23 23.48 gins: fd 
11.2.23 23.48 gins: g 
11.2.23 23.48 gins: df 
11.2.23 23.48 gins: g 
11.2.23 23.51 exit
12.2.23 00.25 pavel: saf 
12.2.23 00.25 pavel: dfg 
12.2.23 00.25 Hello uri
12.2.23 00.25 uri: sadf 
12.2.23 00.25 uri: dfs 
12.2.23 00.30 pavel: exit 
12.2.23 00.30 exit
12.2.23 00.33 Hello ser
12.2.23 00.33 ser: sf 
12.2.23 00.33 tir: sdf 
12.2.23 00.33 tir: sdf 
12.2.23 00.34 tir: exit 
12.2.23 00.34 exit
12.2.23 00.39 Hello sara
12.2.23 00.39 sara: sadf 
12.2.23 00.39 sara: dsfg 
12.2.23 00.39 sara: dfg 
12.2.23 00.39 sara: dfg 
12.2.23 00.39 sara: df 
12.2.23 00.41 tin: exit 
12.2.23 00.41 exit
12.2.23 00.43 exit
12.2.23 00.45 pavel: sadf 
12.2.23 00.45 Hello tor
12.2.23 00.45 tor: sdf 
12.2.23 00.45 exit
12.2.23 00.46 Hello tuba
12.2.23 00.46 tuba: adfsg 
12.2.23 00.46 tuba: sadf 
12.2.23 00.46 neur: asdf 
12.2.23 00.46 neur: saf 
12.2.23 00.47 neur: exit 
12.2.23 00.47 exit
12.2.23 00.53 pavel: asdf 
12.2.23 00.53 pavel: dfg 
12.2.23 00.53 Hello init
12.2.23 00.53 init: asf 
12.2.23 00.53 init: asdfg 
12.2.23 00.53 init: adsg 
12.2.23 00.54 exit
12.2.23 01.00 Hello jsot
12.2.23 01.00 jsot: asdf 
12.2.23 01.00 ascold: asf 
12.2.23 01.00 ascold: adgf 
12.2.23 01.01 exit
12.2.23 21.04 Hello fsghsdfhgfshdfgjdghj
12.2.23 21.04 Hello pavel
12.2.23 21.04 pavel: sag 
12.2.23 21.04 pavel: dfg 
12.2.23 21.04 pavel: dfg 
12.2.23 21.04 pavel: d 
12.2.23 21.04 pavel: fg 
12.2.23 21.05 pavel: exti 
12.2.23 21.06 hrif: sdf 
12.2.23 21.06 hrif: dfg 
12.2.23 21.07 hrif: exit 
12.2.23 21.10 ugani: sdf 
12.2.23 21.10 ugani: sdf 
12.2.23 21.10 ugani: sdf 
12.2.23 21.10 Hello gnux
12.2.23 21.10 gnux: safd 
12.2.23 21.10 gnux: dsfg 
12.2.23 21.10 gnux: dfg 
12.2.23 21.10 ugani: exfit 
12.2.23 21.10 ugani: exit 
12.2.23 21.10 exit
12.2.23 21.13 Hello vamp
12.2.23 21.13 vamp: sdf 
12.2.23 21.13 vamp: sfd 
12.2.23 21.13 triton: sdf 
12.2.23 21.13 triton: dfg 
12.2.23 21.13 triton: dfg 
12.2.23 21.17 triton: exit 
12.2.23 21.17 exit
12.2.23 21.18 pop: sdf 
12.2.23 21.18 Hello rita
12.2.23 21.18 rita: sdf 
12.2.23 21.18 exit
12.2.23 21.20 exit: null 
12.2.23 21.21 exit
